<?xml version="1.0" encoding="UTF-8"?>
<!-- Generated by org.testng.reporters.JUnitReportReporter -->
<testsuite skipped="0" hostname="DESKTOP-CSFF3JV" name="com.amazon.test.TC_03" tests="1" failures="0" timestamp="05 Jan 2019 09:46:07 GMT" time="56.061" errors="0">
  <testcase name="pinCode" time="56.061" classname="com.amazon.test.TC_03"/>
</testsuite> <!-- com.amazon.test.TC_03 -->
